<?xml version="1.0" encoding="UTF-8"?>
<testng-results ignored="0" total="1" passed="0" failed="1" skipped="0">
  <reporter-output>
  </reporter-output>
  <suite started-at="2025-09-03T18:46:14 IST" name="CucumberTestNGSuite" finished-at="2025-09-03T18:46:21 IST" duration-ms="6846">
    <groups>
      <group name="cucumber">
        <method signature="AbstractTestNGCucumberTests.runScenario(io.cucumber.testng.PickleWrapper,io.cucumber.testng.FeatureWrapper)[pri:0, instance:com.example.runner.TestRunner@7bedc48a]" name="runScenario" class="io.cucumber.testng.AbstractTestNGCucumberTests"/>
      </group> <!-- cucumber -->
    </groups>
    <test started-at="2025-09-03T18:46:14 IST" name="CucumberRunner" finished-at="2025-09-03T18:46:21 IST" duration-ms="6846">
      <class name="com.example.runner.TestRunner">
        <test-method is-config="true" signature="setUpClass(org.testng.ITestContext)[pri:0, instance:com.example.runner.TestRunner@7bedc48a]" started-at="2025-09-03T18:46:14 IST" name="setUpClass" finished-at="2025-09-03T18:46:15 IST" duration-ms="482" status="PASS">
          <params>
            <param index="0">
              <value>
                <![CDATA[org.testng.TestRunner@3a4e343]]>
              </value>
            </param>
          </params>
          <reporter-output>
          </reporter-output>
        </test-method> <!-- setUpClass -->
        <test-method signature="runScenario(io.cucumber.testng.PickleWrapper,io.cucumber.testng.FeatureWrapper)[pri:0, instance:com.example.runner.TestRunner@7bedc48a]" started-at="2025-09-03T18:46:15 IST" name="runScenario" description="Runs Cucumber Scenarios" data-provider="scenarios" finished-at="2025-09-03T18:46:21 IST" duration-ms="6236" status="FAIL">
          <params>
            <param index="0">
              <value>
                <![CDATA["Valid Login"]]>
              </value>
            </param>
            <param index="1">
              <value>
                <![CDATA["Login Feature"]]>
              </value>
            </param>
          </params>
          <exception class="java.lang.AssertionError">
            <message>
              <![CDATA[The following asserts failed:
expected [Influencer Dashboard - Influencer Adsense | Influencer Adsense] but found [Login | Influencer Adsense | Influencer Adsense]]]>
            </message>
            <full-stacktrace>
              <![CDATA[java.lang.AssertionError: The following asserts failed:
expected [Influencer Dashboard - Influencer Adsense | Influencer Adsense] but found [Login | Influencer Adsense | Influencer Adsense]
at org.testng.asserts.SoftAssert.assertAll(SoftAssert.java:46)
at org.testng.asserts.SoftAssert.assertAll(SoftAssert.java:30)
at com.example.steps.LoginSteps.user_should_be_navigated_to_home_page(LoginSteps.java:34)
at âœ½.user should be navigated to home page(file:///C:/Users/Chakr/eclipse-workspace/com.pract.selenium/src/test/resources/features/Login.feature:7)
]]>
            </full-stacktrace>
          </exception> <!-- java.lang.AssertionError -->
          <reporter-output>
          </reporter-output>
        </test-method> <!-- runScenario -->
        <test-method is-config="true" signature="tearDownClass()[pri:0, instance:com.example.runner.TestRunner@7bedc48a]" started-at="2025-09-03T18:46:21 IST" name="tearDownClass" finished-at="2025-09-03T18:46:21 IST" duration-ms="83" status="PASS">
          <reporter-output>
          </reporter-output>
        </test-method> <!-- tearDownClass -->
      </class> <!-- com.example.runner.TestRunner -->
    </test> <!-- CucumberRunner -->
  </suite> <!-- CucumberTestNGSuite -->
</testng-results>
