<?xml version="1.0" encoding="UTF-8"?>
<!-- Generated by org.testng.reporters.JUnitReportReporter -->
<testsuite hostname="CHAKRI" failures="1" tests="1" name="com.example.runner.TestRunner" time="6.236" errors="0" timestamp="2025-09-03T18:46:21 IST" skipped="0">
  <testcase classname="com.example.runner.TestRunner" name="runScenario" time="6.236">
    <failure message="The following asserts failed:
	expected [Influencer Dashboard - Influencer Adsense | Influencer Adsense] but found [Login | Influencer Adsense | Influencer Adsense]" type="java.lang.AssertionError">
      <![CDATA[java.lang.AssertionError: The following asserts failed:
expected [Influencer Dashboard - Influencer Adsense | Influencer Adsense] but found [Login | Influencer Adsense | Influencer Adsense]
at org.testng.asserts.SoftAssert.assertAll(SoftAssert.java:46)
at org.testng.asserts.SoftAssert.assertAll(SoftAssert.java:30)
at com.example.steps.LoginSteps.user_should_be_navigated_to_home_page(LoginSteps.java:34)
at âœ½.user should be navigated to home page(file:///C:/Users/Chakr/eclipse-workspace/com.pract.selenium/src/test/resources/features/Login.feature:7)
]]>
    </failure>
  </testcase> <!-- runScenario -->
  <system-out/>
</testsuite> <!-- com.example.runner.TestRunner -->
